JSKSYApp/build/outputs/logs/manifest-merger-debug-report.txt
-- Merging decision tree log ---
manifest
ADDED from JSKSY-A\JSKSYApp\AndroidManifest.xml:2:1-276:12
	package
		ADDED from JSKSY-A\JSKSYApp\AndroidManifest.xml:3:5-28
		INJECTED from JSKSY-A\JSKSYApp\AndroidManifest.xml
		INJECTED from JSKSY-A\JSKSYApp\AndroidManifest.xml
	android:versionName
		INJECTED from JSKSY-A\JSKSYApp\AndroidManifest.xml
		INJECTED from JSKSY-A\JSKSYApp\AndroidManifest.xml
	xmlns:android
		ADDED from JSKSY-A\JSKSYApp\AndroidManifest.xml:2:11-69
	android:versionCode
		INJECTED from JSKSY-A\JSKSYApp\AndroidManifest.xml
		INJECTED from JSKSY-A\JSKSYApp\AndroidManifest.xml
permission#com.jsksy.app.permission.JPUSH_MESSAGE
ADDED from JSKSY-A\JSKSYApp\AndroidManifest.xml:6:5-8:47
	android:protectionLevel
		ADDED from JSKSY-A\JSKSYApp\AndroidManifest.xml:8:9-44
	android:name
		ADDED from JSKSY-A\JSKSYApp\AndroidManifest.xml:7:9-62
uses-permission#android.permission.CALL_PHONE
ADDED from JSKSY-A\JSKSYApp\AndroidManifest.xml:11:5-69
	android:name
		ADDED from JSKSY-A\JSKSYApp\AndroidManifest.xml:11:22-66
uses-permission#com.jsksy.app.permission.JPUSH_MESSAGE
ADDED from JSKSY-A\JSKSYApp\AndroidManifest.xml:12:5-78
	android:name
		ADDED from JSKSY-A\JSKSYApp\AndroidManifest.xml:12:22-75
uses-permission#android.permission.RECEIVE_USER_PRESENT
ADDED from JSKSY-A\JSKSYApp\AndroidManifest.xml:13:5-79
	android:name
		ADDED from JSKSY-A\JSKSYApp\AndroidManifest.xml:13:22-76
uses-permission#android.permission.INTERNET
ADDED from JSKSY-A\JSKSYApp\AndroidManifest.xml:14:5-67
MERGED from [com.aliyun.ams:alicloud-android-hotfix:3.1.1] AndroidManifest.xml:11:5-67
	android:name
		ADDED from JSKSY-A\JSKSYApp\AndroidManifest.xml:14:22-64
uses-permission#android.permission.WAKE_LOCK
ADDED from JSKSY-A\JSKSYApp\AndroidManifest.xml:15:5-68
	android:name
		ADDED from JSKSY-A\JSKSYApp\AndroidManifest.xml:15:22-65
uses-permission#android.permission.WRITE_EXTERNAL_STORAGE
ADDED from JSKSY-A\JSKSYApp\AndroidManifest.xml:16:5-81
	android:name
		ADDED from JSKSY-A\JSKSYApp\AndroidManifest.xml:16:22-78
uses-permission#android.permission.READ_EXTERNAL_STORAGE
ADDED from JSKSY-A\JSKSYApp\AndroidManifest.xml:17:5-80
MERGED from [com.aliyun.ams:alicloud-android-hotfix:3.1.1] AndroidManifest.xml:14:5-80
	android:name
		ADDED from JSKSY-A\JSKSYApp\AndroidManifest.xml:17:22-77
uses-permission#android.permission.VIBRATE
ADDED from JSKSY-A\JSKSYApp\AndroidManifest.xml:18:5-66
	android:name
		ADDED from JSKSY-A\JSKSYApp\AndroidManifest.xml:18:22-63
uses-permission#android.permission.MOUNT_UNMOUNT_FILESYSTEMS
ADDED from JSKSY-A\JSKSYApp\AndroidManifest.xml:19:5-84
	android:name
		ADDED from JSKSY-A\JSKSYApp\AndroidManifest.xml:19:22-81
uses-permission#android.permission.ACCESS_NETWORK_STATE
ADDED from JSKSY-A\JSKSYApp\AndroidManifest.xml:20:5-79
MERGED from [com.aliyun.ams:alicloud-android-hotfix:3.1.1] AndroidManifest.xml:12:5-79
	android:name
		ADDED from JSKSY-A\JSKSYApp\AndroidManifest.xml:20:22-76
uses-permission#android.permission.WRITE_SETTINGS
ADDED from JSKSY-A\JSKSYApp\AndroidManifest.xml:21:5-73
	android:name
		ADDED from JSKSY-A\JSKSYApp\AndroidManifest.xml:21:22-70
uses-permission#android.permission.ACCESS_WIFI_STATE
ADDED from JSKSY-A\JSKSYApp\AndroidManifest.xml:22:5-76
MERGED from [com.aliyun.ams:alicloud-android-hotfix:3.1.1] AndroidManifest.xml:13:5-76
	android:name
		ADDED from JSKSY-A\JSKSYApp\AndroidManifest.xml:22:22-73
uses-permission#android.permission.ACCESS_FINE_LOCATION
ADDED from JSKSY-A\JSKSYApp\AndroidManifest.xml:23:5-79
	android:name
		ADDED from JSKSY-A\JSKSYApp\AndroidManifest.xml:23:22-76
uses-permission#android.permission.GET_TASKS
ADDED from JSKSY-A\JSKSYApp\AndroidManifest.xml:24:5-68
	android:name
		ADDED from JSKSY-A\JSKSYApp\AndroidManifest.xml:24:22-65
uses-permission#android.permission.MANAGE_ACCOUNTS
ADDED from JSKSY-A\JSKSYApp\AndroidManifest.xml:25:5-74
	android:name
		ADDED from JSKSY-A\JSKSYApp\AndroidManifest.xml:25:22-71
uses-permission#android.permission.READ_PHONE_STATE
ADDED from JSKSY-A\JSKSYApp\AndroidManifest.xml:26:5-75
	android:name
		ADDED from JSKSY-A\JSKSYApp\AndroidManifest.xml:26:22-72
uses-permission#android.permission.CHANGE_WIFI_STATE
ADDED from JSKSY-A\JSKSYApp\AndroidManifest.xml:27:5-76
	android:name
		ADDED from JSKSY-A\JSKSYApp\AndroidManifest.xml:27:22-73
uses-permission#android.permission.GET_ACCOUNTS
ADDED from JSKSY-A\JSKSYApp\AndroidManifest.xml:28:5-71
	android:name
		ADDED from JSKSY-A\JSKSYApp\AndroidManifest.xml:28:22-68
application
ADDED from JSKSY-A\JSKSYApp\AndroidManifest.xml:30:5-274:19
MERGED from [com.android.support:design:24.2.1] AndroidManifest.xml:22:5-20
MERGED from [com.android.support:appcompat-v7:24.2.1] AndroidManifest.xml:25:5-20
MERGED from [com.android.support:support-v4:24.2.1] AndroidManifest.xml:25:5-20
MERGED from [com.android.support:support-fragment:24.2.1] AndroidManifest.xml:25:5-20
MERGED from [com.android.support:support-media-compat:24.2.1] AndroidManifest.xml:25:5-20
MERGED from [com.android.support:support-core-utils:24.2.1] AndroidManifest.xml:25:5-20
MERGED from [com.android.support:animated-vector-drawable:24.2.1] AndroidManifest.xml:22:5-20
MERGED from [com.android.support:support-vector-drawable:24.2.1] AndroidManifest.xml:23:5-20
MERGED from [com.android.support:support-core-ui:24.2.1] AndroidManifest.xml:25:5-20
MERGED from [com.android.support:support-compat:24.2.1] AndroidManifest.xml:25:5-20
MERGED from [de.hdodenhof:circleimageview:2.1.0] AndroidManifest.xml:9:5-20
MERGED from [com.aliyun.ams:alicloud-android-hotfix:3.1.1] AndroidManifest.xml:16:5-27:19
	android:label
		ADDED from JSKSY-A\JSKSYApp\AndroidManifest.xml:34:9-41
	android:allowBackup
		ADDED from JSKSY-A\JSKSYApp\AndroidManifest.xml:32:9-35
	android:icon
		ADDED from JSKSY-A\JSKSYApp\AndroidManifest.xml:33:9-45
	android:largeHeap
		ADDED from JSKSY-A\JSKSYApp\AndroidManifest.xml:35:9-33
	android:theme
		ADDED from JSKSY-A\JSKSYApp\AndroidManifest.xml:36:9-65
	android:name
		ADDED from JSKSY-A\JSKSYApp\AndroidManifest.xml:31:9-41
meta-data#com.taobao.android.hotfix.IDSECRET
ADDED from JSKSY-A\JSKSYApp\AndroidManifest.xml:38:9-40:40
	android:value
		ADDED from JSKSY-A\JSKSYApp\AndroidManifest.xml:40:13-37
	android:name
		ADDED from JSKSY-A\JSKSYApp\AndroidManifest.xml:39:13-62
meta-data#com.taobao.android.hotfix.APPSECRET
ADDED from JSKSY-A\JSKSYApp\AndroidManifest.xml:41:9-43:64
	android:value
		ADDED from JSKSY-A\JSKSYApp\AndroidManifest.xml:43:13-61
	android:name
		ADDED from JSKSY-A\JSKSYApp\AndroidManifest.xml:42:13-63
meta-data#com.taobao.android.hotfix.RSASECRET
ADDED from JSKSY-A\JSKSYApp\AndroidManifest.xml:44:9-46:1656
	android:value
		ADDED from JSKSY-A\JSKSYApp\AndroidManifest.xml:46:13-1653
	android:name
		ADDED from JSKSY-A\JSKSYApp\AndroidManifest.xml:45:13-63
meta-data#BUG_HD_SDK_GENERAL_KEY
ADDED from JSKSY-A\JSKSYApp\AndroidManifest.xml:53:9-55:64
	android:value
		ADDED from JSKSY-A\JSKSYApp\AndroidManifest.xml:55:13-61
	android:name
		ADDED from JSKSY-A\JSKSYApp\AndroidManifest.xml:54:13-50
activity#com.jsksy.app.ui.WelcomeActivity
ADDED from JSKSY-A\JSKSYApp\AndroidManifest.xml:57:9-66:20
	android:screenOrientation
		ADDED from JSKSY-A\JSKSYApp\AndroidManifest.xml:59:13-49
	android:label
		ADDED from JSKSY-A\JSKSYApp\AndroidManifest.xml:60:13-45
	android:name
		ADDED from JSKSY-A\JSKSYApp\AndroidManifest.xml:58:13-47
intent-filter#android.intent.action.MAIN+android.intent.category.LAUNCHER
ADDED from JSKSY-A\JSKSYApp\AndroidManifest.xml:61:13-65:29
action#android.intent.action.MAIN
ADDED from JSKSY-A\JSKSYApp\AndroidManifest.xml:62:17-69
	android:name
		ADDED from JSKSY-A\JSKSYApp\AndroidManifest.xml:62:25-66
category#android.intent.category.LAUNCHER
ADDED from JSKSY-A\JSKSYApp\AndroidManifest.xml:64:17-77
	android:name
		ADDED from JSKSY-A\JSKSYApp\AndroidManifest.xml:64:27-74
activity#com.jsksy.app.ui.home.HomeActivity
ADDED from JSKSY-A\JSKSYApp\AndroidManifest.xml:67:9-70:58
	android:screenOrientation
		ADDED from JSKSY-A\JSKSYApp\AndroidManifest.xml:69:13-49
	android:windowSoftInputMode
		ADDED from JSKSY-A\JSKSYApp\AndroidManifest.xml:70:13-55
	android:name
		ADDED from JSKSY-A\JSKSYApp\AndroidManifest.xml:68:13-49
activity#com.jsksy.app.ui.point.PointSearchActivity
ADDED from JSKSY-A\JSKSYApp\AndroidManifest.xml:71:9-74:68
	android:screenOrientation
		ADDED from JSKSY-A\JSKSYApp\AndroidManifest.xml:73:13-49
	android:windowSoftInputMode
		ADDED from JSKSY-A\JSKSYApp\AndroidManifest.xml:74:13-65
	android:name
		ADDED from JSKSY-A\JSKSYApp\AndroidManifest.xml:72:13-57
activity#com.jsksy.app.ui.point.PointResultActivity
ADDED from JSKSY-A\JSKSYApp\AndroidManifest.xml:75:9-76:15
	android:screenOrientation
		ADDED from JSKSY-A\JSKSYApp\AndroidManifest.xml:75:64-100
	android:name
		ADDED from JSKSY-A\JSKSYApp\AndroidManifest.xml:75:19-63
activity#com.jsksy.app.ui.point.PointWaitActivity
ADDED from JSKSY-A\JSKSYApp\AndroidManifest.xml:77:9-100
	android:screenOrientation
		ADDED from JSKSY-A\JSKSYApp\AndroidManifest.xml:77:62-98
	android:name
		ADDED from JSKSY-A\JSKSYApp\AndroidManifest.xml:77:19-61
activity#com.jsksy.app.ui.offer.OfferSearchActivity
ADDED from JSKSY-A\JSKSYApp\AndroidManifest.xml:78:9-81:68
	android:screenOrientation
		ADDED from JSKSY-A\JSKSYApp\AndroidManifest.xml:80:13-49
	android:windowSoftInputMode
		ADDED from JSKSY-A\JSKSYApp\AndroidManifest.xml:81:13-65
	android:name
		ADDED from JSKSY-A\JSKSYApp\AndroidManifest.xml:79:13-57
activity#com.jsksy.app.ui.offer.OfferFailActivity
ADDED from JSKSY-A\JSKSYApp\AndroidManifest.xml:82:9-100
	android:screenOrientation
		ADDED from JSKSY-A\JSKSYApp\AndroidManifest.xml:82:62-98
	android:name
		ADDED from JSKSY-A\JSKSYApp\AndroidManifest.xml:82:19-61
activity#com.jsksy.app.ui.offer.OfferSuccessActivity
ADDED from JSKSY-A\JSKSYApp\AndroidManifest.xml:83:9-103
	android:screenOrientation
		ADDED from JSKSY-A\JSKSYApp\AndroidManifest.xml:83:65-101
	android:name
		ADDED from JSKSY-A\JSKSYApp\AndroidManifest.xml:83:19-64
activity#com.jsksy.app.ui.wish.WishSearchActivity
ADDED from JSKSY-A\JSKSYApp\AndroidManifest.xml:84:9-100
	android:screenOrientation
		ADDED from JSKSY-A\JSKSYApp\AndroidManifest.xml:84:62-98
	android:name
		ADDED from JSKSY-A\JSKSYApp\AndroidManifest.xml:84:19-61
activity#com.jsksy.app.ui.wish.WishAgreementActivity
ADDED from JSKSY-A\JSKSYApp\AndroidManifest.xml:85:9-103
	android:screenOrientation
		ADDED from JSKSY-A\JSKSYApp\AndroidManifest.xml:85:65-101
	android:name
		ADDED from JSKSY-A\JSKSYApp\AndroidManifest.xml:85:19-64
activity#com.jsksy.app.ui.wish.WishPayActivity
ADDED from JSKSY-A\JSKSYApp\AndroidManifest.xml:86:9-97
	android:screenOrientation
		ADDED from JSKSY-A\JSKSYApp\AndroidManifest.xml:86:59-95
	android:name
		ADDED from JSKSY-A\JSKSYApp\AndroidManifest.xml:86:19-58
activity#com.jsksy.app.ui.wish.WishPaySuccessActivity
ADDED from JSKSY-A\JSKSYApp\AndroidManifest.xml:87:9-104
	android:screenOrientation
		ADDED from JSKSY-A\JSKSYApp\AndroidManifest.xml:87:66-102
	android:name
		ADDED from JSKSY-A\JSKSYApp\AndroidManifest.xml:87:19-65
activity#com.jsksy.app.ui.wish.WishListActivity
ADDED from JSKSY-A\JSKSYApp\AndroidManifest.xml:88:9-98
	android:screenOrientation
		ADDED from JSKSY-A\JSKSYApp\AndroidManifest.xml:88:60-96
	android:name
		ADDED from JSKSY-A\JSKSYApp\AndroidManifest.xml:88:19-59
activity#com.jsksy.app.ui.wish.WishConditionActivity
ADDED from JSKSY-A\JSKSYApp\AndroidManifest.xml:89:9-103
	android:screenOrientation
		ADDED from JSKSY-A\JSKSYApp\AndroidManifest.xml:89:65-101
	android:name
		ADDED from JSKSY-A\JSKSYApp\AndroidManifest.xml:89:19-64
activity#com.jsksy.app.ui.wish.WishConditionListActivity
ADDED from JSKSY-A\JSKSYApp\AndroidManifest.xml:90:9-107
	android:screenOrientation
		ADDED from JSKSY-A\JSKSYApp\AndroidManifest.xml:90:69-105
	android:name
		ADDED from JSKSY-A\JSKSYApp\AndroidManifest.xml:90:19-68
activity#com.jsksy.app.ui.set.SetActivity
ADDED from JSKSY-A\JSKSYApp\AndroidManifest.xml:91:9-92
	android:screenOrientation
		ADDED from JSKSY-A\JSKSYApp\AndroidManifest.xml:91:54-90
	android:name
		ADDED from JSKSY-A\JSKSYApp\AndroidManifest.xml:91:19-53
activity#com.jsksy.app.ui.WebviewActivity
ADDED from JSKSY-A\JSKSYApp\AndroidManifest.xml:92:9-92
	android:screenOrientation
		ADDED from JSKSY-A\JSKSYApp\AndroidManifest.xml:92:54-90
	android:name
		ADDED from JSKSY-A\JSKSYApp\AndroidManifest.xml:92:19-53
activity#com.jsksy.app.ui.gk.GKHomeActivity
ADDED from JSKSY-A\JSKSYApp\AndroidManifest.xml:93:9-94
	android:screenOrientation
		ADDED from JSKSY-A\JSKSYApp\AndroidManifest.xml:93:56-92
	android:name
		ADDED from JSKSY-A\JSKSYApp\AndroidManifest.xml:93:19-55
activity#com.jsksy.app.ui.zz.ZZPointSearchActivity
ADDED from JSKSY-A\JSKSYApp\AndroidManifest.xml:94:9-101
	android:screenOrientation
		ADDED from JSKSY-A\JSKSYApp\AndroidManifest.xml:94:63-99
	android:name
		ADDED from JSKSY-A\JSKSYApp\AndroidManifest.xml:94:19-62
activity#com.jsksy.app.ui.zz.ZZPointResultActivity
ADDED from JSKSY-A\JSKSYApp\AndroidManifest.xml:95:9-101
	android:screenOrientation
		ADDED from JSKSY-A\JSKSYApp\AndroidManifest.xml:95:63-99
	android:name
		ADDED from JSKSY-A\JSKSYApp\AndroidManifest.xml:95:19-62
service#cn.jpush.android.service.PushService
ADDED from JSKSY-A\JSKSYApp\AndroidManifest.xml:100:9-110:19
	android:enabled
		ADDED from JSKSY-A\JSKSYApp\AndroidManifest.xml:102:13-35
	android:exported
		ADDED from JSKSY-A\JSKSYApp\AndroidManifest.xml:103:13-37
	android:name
		ADDED from JSKSY-A\JSKSYApp\AndroidManifest.xml:101:13-64
intent-filter#cn.jpush.android.intent.PUSH_TIME+cn.jpush.android.intent.PushService+cn.jpush.android.intent.REGISTER+cn.jpush.android.intent.REPORT
ADDED from JSKSY-A\JSKSYApp\AndroidManifest.xml:104:13-109:29
action#cn.jpush.android.intent.REGISTER
ADDED from JSKSY-A\JSKSYApp\AndroidManifest.xml:105:17-75
	android:name
		ADDED from JSKSY-A\JSKSYApp\AndroidManifest.xml:105:25-72
action#cn.jpush.android.intent.REPORT
ADDED from JSKSY-A\JSKSYApp\AndroidManifest.xml:106:17-73
	android:name
		ADDED from JSKSY-A\JSKSYApp\AndroidManifest.xml:106:25-70
action#cn.jpush.android.intent.PushService
ADDED from JSKSY-A\JSKSYApp\AndroidManifest.xml:107:17-78
	android:name
		ADDED from JSKSY-A\JSKSYApp\AndroidManifest.xml:107:25-75
action#cn.jpush.android.intent.PUSH_TIME
ADDED from JSKSY-A\JSKSYApp\AndroidManifest.xml:108:17-76
	android:name
		ADDED from JSKSY-A\JSKSYApp\AndroidManifest.xml:108:25-73
receiver#cn.jpush.android.service.PushReceiver
ADDED from JSKSY-A\JSKSYApp\AndroidManifest.xml:113:9-132:20
	android:enabled
		ADDED from JSKSY-A\JSKSYApp\AndroidManifest.xml:115:13-35
	android:name
		ADDED from JSKSY-A\JSKSYApp\AndroidManifest.xml:114:13-65
intent-filter#cn.jpush.android.intent.NOTIFICATION_RECEIVED_PROXY+com.jsksy.app
ADDED from JSKSY-A\JSKSYApp\AndroidManifest.xml:116:13-120:29
	android:priority
		ADDED from JSKSY-A\JSKSYApp\AndroidManifest.xml:116:28-51
action#cn.jpush.android.intent.NOTIFICATION_RECEIVED_PROXY
ADDED from JSKSY-A\JSKSYApp\AndroidManifest.xml:117:17-94
	android:name
		ADDED from JSKSY-A\JSKSYApp\AndroidManifest.xml:117:25-91
category#com.jsksy.app
ADDED from JSKSY-A\JSKSYApp\AndroidManifest.xml:119:17-58
	android:name
		ADDED from JSKSY-A\JSKSYApp\AndroidManifest.xml:119:27-55
intent-filter#android.intent.action.USER_PRESENT+android.net.conn.CONNECTIVITY_CHANGE
ADDED from JSKSY-A\JSKSYApp\AndroidManifest.xml:121:13-124:29
action#android.intent.action.USER_PRESENT
ADDED from JSKSY-A\JSKSYApp\AndroidManifest.xml:122:17-77
	android:name
		ADDED from JSKSY-A\JSKSYApp\AndroidManifest.xml:122:25-74
action#android.net.conn.CONNECTIVITY_CHANGE
ADDED from JSKSY-A\JSKSYApp\AndroidManifest.xml:123:17-79
	android:name
		ADDED from JSKSY-A\JSKSYApp\AndroidManifest.xml:123:25-76
intent-filter#android.intent.action.PACKAGE_ADDED+android.intent.action.PACKAGE_REMOVED
ADDED from JSKSY-A\JSKSYApp\AndroidManifest.xml:126:13-131:29
action#android.intent.action.PACKAGE_ADDED
ADDED from JSKSY-A\JSKSYApp\AndroidManifest.xml:127:17-78
	android:name
		ADDED from JSKSY-A\JSKSYApp\AndroidManifest.xml:127:25-75
action#android.intent.action.PACKAGE_REMOVED
ADDED from JSKSY-A\JSKSYApp\AndroidManifest.xml:128:17-80
	android:name
		ADDED from JSKSY-A\JSKSYApp\AndroidManifest.xml:128:25-77
data
ADDED from JSKSY-A\JSKSYApp\AndroidManifest.xml:130:17-50
	android:scheme
		ADDED from JSKSY-A\JSKSYApp\AndroidManifest.xml:130:23-47
activity#cn.jpush.android.ui.PushActivity
ADDED from JSKSY-A\JSKSYApp\AndroidManifest.xml:134:9-144:20
	android:exported
		ADDED from JSKSY-A\JSKSYApp\AndroidManifest.xml:137:13-37
	android:configChanges
		ADDED from JSKSY-A\JSKSYApp\AndroidManifest.xml:136:13-63
	android:name
		ADDED from JSKSY-A\JSKSYApp\AndroidManifest.xml:135:13-60
intent-filter#android.intent.category.DEFAULT+cn.jpush.android.ui.PushActivity+com.jsksy.app
ADDED from JSKSY-A\JSKSYApp\AndroidManifest.xml:138:13-143:29
action#cn.jpush.android.ui.PushActivity
ADDED from JSKSY-A\JSKSYApp\AndroidManifest.xml:139:17-75
	android:name
		ADDED from JSKSY-A\JSKSYApp\AndroidManifest.xml:139:25-72
category#android.intent.category.DEFAULT
ADDED from JSKSY-A\JSKSYApp\AndroidManifest.xml:141:17-76
	android:name
		ADDED from JSKSY-A\JSKSYApp\AndroidManifest.xml:141:27-73
service#cn.jpush.android.service.DownloadService
ADDED from JSKSY-A\JSKSYApp\AndroidManifest.xml:146:9-149:40
	android:enabled
		ADDED from JSKSY-A\JSKSYApp\AndroidManifest.xml:148:13-35
	android:exported
		ADDED from JSKSY-A\JSKSYApp\AndroidManifest.xml:149:13-37
	android:name
		ADDED from JSKSY-A\JSKSYApp\AndroidManifest.xml:147:13-68
receiver#cn.jpush.android.service.AlarmReceiver
ADDED from JSKSY-A\JSKSYApp\AndroidManifest.xml:151:9-75
	android:name
		ADDED from JSKSY-A\JSKSYApp\AndroidManifest.xml:151:19-72
receiver#com.jsksy.app.JRReceiver
ADDED from JSKSY-A\JSKSYApp\AndroidManifest.xml:153:9-166:20
	android:enabled
		ADDED from JSKSY-A\JSKSYApp\AndroidManifest.xml:155:13-35
	android:name
		ADDED from JSKSY-A\JSKSYApp\AndroidManifest.xml:154:13-39
intent-filter#cn.jpush.android.intent.ACTION_RICHPUSH_CALLBACK+cn.jpush.android.intent.CONNECTION+cn.jpush.android.intent.MESSAGE_RECEIVED+cn.jpush.android.intent.NOTIFICATION_OPENED+cn.jpush.android.intent.NOTIFICATION_RECEIVED+cn.jpush.android.intent.REGISTRATION+com.jsksy.app
ADDED from JSKSY-A\JSKSYApp\AndroidManifest.xml:156:13-165:29
action#cn.jpush.android.intent.REGISTRATION
ADDED from JSKSY-A\JSKSYApp\AndroidManifest.xml:157:17-79
	android:name
		ADDED from JSKSY-A\JSKSYApp\AndroidManifest.xml:157:25-76
action#cn.jpush.android.intent.MESSAGE_RECEIVED
ADDED from JSKSY-A\JSKSYApp\AndroidManifest.xml:158:17-83
	android:name
		ADDED from JSKSY-A\JSKSYApp\AndroidManifest.xml:158:25-80
action#cn.jpush.android.intent.NOTIFICATION_RECEIVED
ADDED from JSKSY-A\JSKSYApp\AndroidManifest.xml:159:17-88
	android:name
		ADDED from JSKSY-A\JSKSYApp\AndroidManifest.xml:159:25-85
action#cn.jpush.android.intent.NOTIFICATION_OPENED
ADDED from JSKSY-A\JSKSYApp\AndroidManifest.xml:160:17-86
	android:name
		ADDED from JSKSY-A\JSKSYApp\AndroidManifest.xml:160:25-83
action#cn.jpush.android.intent.ACTION_RICHPUSH_CALLBACK
ADDED from JSKSY-A\JSKSYApp\AndroidManifest.xml:161:17-91
	android:name
		ADDED from JSKSY-A\JSKSYApp\AndroidManifest.xml:161:25-88
action#cn.jpush.android.intent.CONNECTION
ADDED from JSKSY-A\JSKSYApp\AndroidManifest.xml:162:17-77
	android:name
		ADDED from JSKSY-A\JSKSYApp\AndroidManifest.xml:162:25-74
meta-data#JPUSH_CHANNEL
ADDED from JSKSY-A\JSKSYApp\AndroidManifest.xml:174:9-176:49
	android:value
		ADDED from JSKSY-A\JSKSYApp\AndroidManifest.xml:176:13-46
	android:name
		ADDED from JSKSY-A\JSKSYApp\AndroidManifest.xml:175:13-41
meta-data#JPUSH_APPKEY
ADDED from JSKSY-A\JSKSYApp\AndroidManifest.xml:178:9-180:56
	android:value
		ADDED from JSKSY-A\JSKSYApp\AndroidManifest.xml:180:13-53
	android:name
		ADDED from JSKSY-A\JSKSYApp\AndroidManifest.xml:179:13-40
meta-data#BaiduMobAd_STAT_ID
ADDED from JSKSY-A\JSKSYApp\AndroidManifest.xml:183:9-185:42
	android:value
		ADDED from JSKSY-A\JSKSYApp\AndroidManifest.xml:185:13-39
	android:name
		ADDED from JSKSY-A\JSKSYApp\AndroidManifest.xml:184:13-46
meta-data#BaiduMobAd_CHANNEL
ADDED from JSKSY-A\JSKSYApp\AndroidManifest.xml:187:9-189:39
	android:value
		ADDED from JSKSY-A\JSKSYApp\AndroidManifest.xml:189:13-36
	android:name
		ADDED from JSKSY-A\JSKSYApp\AndroidManifest.xml:188:13-46
meta-data#BaiduMobAd_EXCEPTION_LOG
ADDED from JSKSY-A\JSKSYApp\AndroidManifest.xml:192:9-194:36
	android:value
		ADDED from JSKSY-A\JSKSYApp\AndroidManifest.xml:194:13-33
	android:name
		ADDED from JSKSY-A\JSKSYApp\AndroidManifest.xml:193:13-52
meta-data#BaiduMobAd_SEND_STRATEGY
ADDED from JSKSY-A\JSKSYApp\AndroidManifest.xml:196:9-198:41
	android:value
		ADDED from JSKSY-A\JSKSYApp\AndroidManifest.xml:198:13-38
	android:name
		ADDED from JSKSY-A\JSKSYApp\AndroidManifest.xml:197:13-52
meta-data#BaiduMobAd_ONLY_WIFI
ADDED from JSKSY-A\JSKSYApp\AndroidManifest.xml:202:9-204:36
	android:value
		ADDED from JSKSY-A\JSKSYApp\AndroidManifest.xml:204:13-33
	android:name
		ADDED from JSKSY-A\JSKSYApp\AndroidManifest.xml:203:13-48
meta-data#BaiduMobAd_CELL_LOCATION
ADDED from JSKSY-A\JSKSYApp\AndroidManifest.xml:206:9-208:36
	android:value
		ADDED from JSKSY-A\JSKSYApp\AndroidManifest.xml:208:13-33
	android:name
		ADDED from JSKSY-A\JSKSYApp\AndroidManifest.xml:207:13-52
meta-data#BaiduMobAd_GPS_LOCATION
ADDED from JSKSY-A\JSKSYApp\AndroidManifest.xml:210:9-212:36
	android:value
		ADDED from JSKSY-A\JSKSYApp\AndroidManifest.xml:212:13-33
	android:name
		ADDED from JSKSY-A\JSKSYApp\AndroidManifest.xml:211:13-51
meta-data#BaiduMobAd_WIFI_LOCATION
ADDED from JSKSY-A\JSKSYApp\AndroidManifest.xml:214:9-216:36
	android:value
		ADDED from JSKSY-A\JSKSYApp\AndroidManifest.xml:216:13-33
	android:name
		ADDED from JSKSY-A\JSKSYApp\AndroidManifest.xml:215:13-52
activity#com.jsksy.app.ui.school.SchoolListActivity
ADDED from JSKSY-A\JSKSYApp\AndroidManifest.xml:218:9-221:72
	android:screenOrientation
		ADDED from JSKSY-A\JSKSYApp\AndroidManifest.xml:220:13-49
	android:theme
		ADDED from JSKSY-A\JSKSYApp\AndroidManifest.xml:221:13-69
	android:name
		ADDED from JSKSY-A\JSKSYApp\AndroidManifest.xml:219:13-57
activity#com.jsksy.app.ui.school.SchoolDetailActivity
ADDED from JSKSY-A\JSKSYApp\AndroidManifest.xml:222:9-225:72
	android:screenOrientation
		ADDED from JSKSY-A\JSKSYApp\AndroidManifest.xml:224:13-49
	android:theme
		ADDED from JSKSY-A\JSKSYApp\AndroidManifest.xml:225:13-69
	android:name
		ADDED from JSKSY-A\JSKSYApp\AndroidManifest.xml:223:13-59
activity#com.jsksy.app.ui.school.SchoolDetailMajorActivity
ADDED from JSKSY-A\JSKSYApp\AndroidManifest.xml:226:9-109
	android:screenOrientation
		ADDED from JSKSY-A\JSKSYApp\AndroidManifest.xml:226:71-107
	android:name
		ADDED from JSKSY-A\JSKSYApp\AndroidManifest.xml:226:19-70
activity#com.jsksy.app.ui.school.SchoolDetailEnrollActivity
ADDED from JSKSY-A\JSKSYApp\AndroidManifest.xml:227:9-110
	android:screenOrientation
		ADDED from JSKSY-A\JSKSYApp\AndroidManifest.xml:227:72-108
	android:name
		ADDED from JSKSY-A\JSKSYApp\AndroidManifest.xml:227:19-71
activity#com.jsksy.app.ui.school.TestActivity
ADDED from JSKSY-A\JSKSYApp\AndroidManifest.xml:228:9-96
	android:screenOrientation
		ADDED from JSKSY-A\JSKSYApp\AndroidManifest.xml:228:58-94
	android:name
		ADDED from JSKSY-A\JSKSYApp\AndroidManifest.xml:228:19-57
provider#android.support.v4.content.FileProvider
ADDED from JSKSY-A\JSKSYApp\AndroidManifest.xml:230:9-238:20
	android:authorities
		ADDED from JSKSY-A\JSKSYApp\AndroidManifest.xml:232:13-61
	android:grantUriPermissions
		ADDED from JSKSY-A\JSKSYApp\AndroidManifest.xml:234:13-47
	android:exported
		ADDED from JSKSY-A\JSKSYApp\AndroidManifest.xml:233:13-37
	android:name
		ADDED from JSKSY-A\JSKSYApp\AndroidManifest.xml:231:13-67
meta-data#android.support.FILE_PROVIDER_PATHS
ADDED from JSKSY-A\JSKSYApp\AndroidManifest.xml:235:13-237:54
	android:resource
		ADDED from JSKSY-A\JSKSYApp\AndroidManifest.xml:237:17-51
	android:name
		ADDED from JSKSY-A\JSKSYApp\AndroidManifest.xml:236:17-67
activity#com.jsksy.app.ui.offer.OfferResultActivity
ADDED from JSKSY-A\JSKSYApp\AndroidManifest.xml:240:9-102
	android:screenOrientation
		ADDED from JSKSY-A\JSKSYApp\AndroidManifest.xml:240:64-100
	android:name
		ADDED from JSKSY-A\JSKSYApp\AndroidManifest.xml:240:19-63
activity#com.mob.tools.MobUIShell
ADDED from JSKSY-A\JSKSYApp\AndroidManifest.xml:243:9-265:20
	android:screenOrientation
		ADDED from JSKSY-A\JSKSYApp\AndroidManifest.xml:246:13-49
	android:windowSoftInputMode
		ADDED from JSKSY-A\JSKSYApp\AndroidManifest.xml:248:13-67
	android:configChanges
		ADDED from JSKSY-A\JSKSYApp\AndroidManifest.xml:245:13-74
	android:theme
		ADDED from JSKSY-A\JSKSYApp\AndroidManifest.xml:247:13-72
	android:name
		ADDED from JSKSY-A\JSKSYApp\AndroidManifest.xml:244:13-52
intent-filter#android.intent.action.VIEW+android.intent.category.BROWSABLE+android.intent.category.DEFAULT
ADDED from JSKSY-A\JSKSYApp\AndroidManifest.xml:251:13-258:29
action#android.intent.action.VIEW
ADDED from JSKSY-A\JSKSYApp\AndroidManifest.xml:254:17-69
	android:name
		ADDED from JSKSY-A\JSKSYApp\AndroidManifest.xml:254:25-66
category#android.intent.category.BROWSABLE
ADDED from JSKSY-A\JSKSYApp\AndroidManifest.xml:256:17-78
	android:name
		ADDED from JSKSY-A\JSKSYApp\AndroidManifest.xml:256:27-75
intent-filter#android.intent.category.DEFAULT+com.sina.weibo.sdk.action.ACTION_SDK_REQ_ACTIVITY
ADDED from JSKSY-A\JSKSYApp\AndroidManifest.xml:260:13-264:29
action#com.sina.weibo.sdk.action.ACTION_SDK_REQ_ACTIVITY
ADDED from JSKSY-A\JSKSYApp\AndroidManifest.xml:261:17-92
	android:name
		ADDED from JSKSY-A\JSKSYApp\AndroidManifest.xml:261:25-89
activity#com.jsksy.app.wxapi.WXEntryActivity
ADDED from JSKSY-A\JSKSYApp\AndroidManifest.xml:267:9-272:75
	android:screenOrientation
		ADDED from JSKSY-A\JSKSYApp\AndroidManifest.xml:271:13-49
	android:exported
		ADDED from JSKSY-A\JSKSYApp\AndroidManifest.xml:270:13-36
	android:configChanges
		ADDED from JSKSY-A\JSKSYApp\AndroidManifest.xml:269:13-74
	android:theme
		ADDED from JSKSY-A\JSKSYApp\AndroidManifest.xml:272:13-72
	android:name
		ADDED from JSKSY-A\JSKSYApp\AndroidManifest.xml:268:13-50
activity#com.jsksy.app.ui.set.SetQrcodeActivity
ADDED from JSKSY-A\JSKSYApp\AndroidManifest.xml:273:9-71
	android:name
		ADDED from JSKSY-A\JSKSYApp\AndroidManifest.xml:273:19-59
uses-sdk
INJECTED from JSKSY-A\JSKSYApp\AndroidManifest.xml reason: use-sdk injection requested
MERGED from [com.android.support:multidex:1.0.1] AndroidManifest.xml:18:5-42
MERGED from [JSKSY-A:ViewPageIndicatorJar:unspecified] AndroidManifest.xml:7:5-43
MERGED from [com.android.support:design:24.2.1] AndroidManifest.xml:20:5-43
MERGED from [com.android.support:appcompat-v7:24.2.1] AndroidManifest.xml:21:5-23:78
MERGED from [com.android.support:support-v4:24.2.1] AndroidManifest.xml:21:5-23:54
MERGED from [com.android.support:support-fragment:24.2.1] AndroidManifest.xml:21:5-23:60
MERGED from [com.android.support:support-media-compat:24.2.1] AndroidManifest.xml:21:5-23:63
MERGED from [com.android.support:support-core-utils:24.2.1] AndroidManifest.xml:21:5-23:61
MERGED from [com.android.support:animated-vector-drawable:24.2.1] AndroidManifest.xml:20:5-44
MERGED from [com.android.support:support-vector-drawable:24.2.1] AndroidManifest.xml:21:5-43
MERGED from [com.android.support:recyclerview-v7:24.2.1] AndroidManifest.xml:20:5-43
MERGED from [com.android.support:support-core-ui:24.2.1] AndroidManifest.xml:21:5-23:58
MERGED from [com.android.support:support-compat:24.2.1] AndroidManifest.xml:21:5-23:58
MERGED from [de.hdodenhof:circleimageview:2.1.0] AndroidManifest.xml:5:5-7:41
MERGED from [com.github.lecho:hellocharts-library:1.5.8] AndroidManifest.xml:7:5-9:41
MERGED from [com.aliyun.ams:alicloud-android-hotfix:3.1.1] AndroidManifest.xml:7:5-9:41
	tools:overrideLibrary
		ADDED from [com.android.support:appcompat-v7:24.2.1] AndroidManifest.xml:23:9-75
	android:targetSdkVersion
		INJECTED from JSKSY-A\JSKSYApp\AndroidManifest.xml
		INJECTED from JSKSY-A\JSKSYApp\AndroidManifest.xml
	android:minSdkVersion
		INJECTED from JSKSY-A\JSKSYApp\AndroidManifest.xml
		INJECTED from JSKSY-A\JSKSYApp\AndroidManifest.xml
service#com.taobao.sophix.aidl.DownloadService
ADDED from [com.aliyun.ams:alicloud-android-hotfix:3.1.1] AndroidManifest.xml:17:9-25:19
	android:exported
		ADDED from [com.aliyun.ams:alicloud-android-hotfix:3.1.1] AndroidManifest.xml:19:13-36
	android:name
		ADDED from [com.aliyun.ams:alicloud-android-hotfix:3.1.1] AndroidManifest.xml:18:13-66
intent-filter#android.intent.category.DEFAULT+com.taobao.hotfix.action
ADDED from [com.aliyun.ams:alicloud-android-hotfix:3.1.1] AndroidManifest.xml:20:13-24:29
action#com.taobao.hotfix.action
ADDED from [com.aliyun.ams:alicloud-android-hotfix:3.1.1] AndroidManifest.xml:21:17-67
	android:name
		ADDED from [com.aliyun.ams:alicloud-android-hotfix:3.1.1] AndroidManifest.xml:21:25-64